

Microchip Technology PIC18 LITE Macro Assembler V1.38 build -256452561 
                                                                                               Sun Nov 06 15:13:43 2016

Microchip Technology Omniscient Code Generator v1.38 (Free mode) build 201607010351
     1                           	processor	18F4458
     2                           	fnconf	rparam,??,?,0
     3                           	opt	pw 120
     4                           	opt	lm
     5                           	psect	idataCOMRAM,global,class=CODE,delta=1
     6                           	psect	cinit,global,reloc=2,class=CODE,delta=1
     7                           	psect	bssCOMRAM,global,class=COMRAM,space=1,delta=1
     8                           	psect	dataCOMRAM,global,class=COMRAM,space=1,delta=1
     9                           	psect	cstackCOMRAM,global,class=COMRAM,space=1,delta=1
    10                           	psect	text0,global,reloc=2,class=CODE,delta=1
    11                           	psect	text1,global,reloc=2,class=CODE,delta=1
    12                           	psect	text2,global,reloc=2,class=CODE,delta=1
    13                           	psect	intsave_regs,global,class=BIGRAM,space=1,delta=1
    14                           	psect	rparam,global,class=COMRAM,space=1,delta=1
    15  0000                     
    16                           	psect	idataCOMRAM
    17  005F20                     __pidataCOMRAM:
    18                           	opt stack 0
    19                           
    20                           ;initializer for _sampleDelay
    21  005F20  0064               	dw	100
    22  0000                     _ADCON0bits	set	4034
    23  0000                     _ADCON1	set	4033
    24  0000                     _PORTCbits	set	3970
    25  0000                     _T0CONbits	set	4053
    26  0000                     _TMR0H	set	4055
    27  0000                     _TMR0L	set	4054
    28  0000                     _TRISCbits	set	3988
    29                           
    30                           ; #config settings
    31  0000                     
    32                           	psect	cinit
    33  005F2C                     __pcinit:
    34                           	opt stack 0
    35  005F2C                     start_initialization:
    36                           	opt stack 0
    37  005F2C                     __initialization:
    38                           	opt stack 0
    39                           
    40                           ; Initialize objects allocated to COMRAM (2 bytes)
    41                           ; load TBLPTR registers with __pidataCOMRAM
    42  005F2C  0E20               	movlw	low __pidataCOMRAM
    43  005F2E  6EF6               	movwf	tblptrl,c
    44  005F30  0E5F               	movlw	high __pidataCOMRAM
    45  005F32  6EF7               	movwf	tblptrh,c
    46  005F34  0E00               	movlw	low (__pidataCOMRAM shr (0+16))
    47  005F36  6EF8               	movwf	tblptru,c
    48  005F38  0009               	tblrd		*+	;fetch initializer
    49  005F3A  CFF5 F025          	movff	tablat,__pdataCOMRAM
    50  005F3E  0009               	tblrd		*+	;fetch initializer
    51  005F40  CFF5 F026          	movff	tablat,__pdataCOMRAM+1
    52                           
    53                           ; Clear objects allocated to COMRAM (36 bytes)
    54  005F44  EE00  F001         	lfsr	0,__pbssCOMRAM
    55  005F48  0E24               	movlw	36
    56  005F4A                     clear_0:
    57  005F4A  6AEE               	clrf	postinc0,c
    58  005F4C  06E8               	decf	wreg,f,c
    59  005F4E  E1FD               	bnz	clear_0
    60  005F50                     end_of_initialization:
    61                           	opt stack 0
    62  005F50                     __end_of__initialization:
    63                           	opt stack 0
    64  005F50  0100               	movlb	0
    65  005F52  EF91  F02F         	goto	_main	;jump to C main() function
    66                           tblptru	equ	0xFF8
    67                           tblptrh	equ	0xFF7
    68                           tblptrl	equ	0xFF6
    69                           tablat	equ	0xFF5
    70                           postinc0	equ	0xFEE
    71                           wreg	equ	0xFE8
    72                           
    73                           	psect	bssCOMRAM
    74  000001                     __pbssCOMRAM:
    75                           	opt stack 0
    76  000001                     _sampleBuffer:
    77                           	opt stack 0
    78  000001                     	ds	32
    79  000021                     _lastSampleTimestamp:
    80                           	opt stack 0
    81  000021                     	ds	2
    82  000023                     _freshDataFlag:
    83                           	opt stack 0
    84  000023                     	ds	1
    85  000024                     _mode:
    86                           	opt stack 0
    87  000024                     	ds	1
    88                           tblptru	equ	0xFF8
    89                           tblptrh	equ	0xFF7
    90                           tblptrl	equ	0xFF6
    91                           tablat	equ	0xFF5
    92                           postinc0	equ	0xFEE
    93                           wreg	equ	0xFE8
    94                           
    95                           	psect	dataCOMRAM
    96  000025                     __pdataCOMRAM:
    97                           	opt stack 0
    98  000025                     _sampleDelay:
    99                           	opt stack 0
   100  000025                     	ds	2
   101                           tblptru	equ	0xFF8
   102                           tblptrh	equ	0xFF7
   103                           tblptrl	equ	0xFF6
   104                           tablat	equ	0xFF5
   105                           postinc0	equ	0xFEE
   106                           wreg	equ	0xFE8
   107                           
   108                           	psect	cstackCOMRAM
   109  000027                     __pcstackCOMRAM:
   110                           	opt stack 0
   111  000027                     setup@i:
   112                           	opt stack 0
   113  000027                     takeReading@i:
   114                           	opt stack 0
   115                           
   116                           ; 1 bytes @ 0x0
   117  000027                     	ds	1
   118  000028                     tblptru	equ	0xFF8
   119                           tblptrh	equ	0xFF7
   120                           tblptrl	equ	0xFF6
   121                           tablat	equ	0xFF5
   122                           postinc0	equ	0xFEE
   123                           wreg	equ	0xFE8
   124                           
   125                           ; 1 bytes @ 0x1
   126 ;;
   127 ;;Main: autosize = 0, tempsize = 0, incstack = 0, save=0
   128 ;;
   129 ;; *************** function _main *****************
   130 ;; Defined at:
   131 ;;		line 24 in file "main.c"
   132 ;; Parameters:    Size  Location     Type
   133 ;;		None
   134 ;; Auto vars:     Size  Location     Type
   135 ;;		None
   136 ;; Return value:  Size  Location     Type
   137 ;;                  1    wreg      void 
   138 ;; Registers used:
   139 ;;		wreg, fsr2l, fsr2h, status,2, status,0, prodl, prodh, cstack
   140 ;; Tracked objects:
   141 ;;		On entry : 0/0
   142 ;;		On exit  : 0/0
   143 ;;		Unchanged: 0/0
   144 ;; Data sizes:     COMRAM   BANK0   BANK1   BANK2   BANK3   BANK4   BANK5   BANK6   BANK7
   145 ;;      Params:         0       0       0       0       0       0       0       0       0
   146 ;;      Locals:         0       0       0       0       0       0       0       0       0
   147 ;;      Temps:          0       0       0       0       0       0       0       0       0
   148 ;;      Totals:         0       0       0       0       0       0       0       0       0
   149 ;;Total ram usage:        0 bytes
   150 ;; Hardware stack levels required when called:    1
   151 ;; This function calls:
   152 ;;		_setup
   153 ;;		_takeReading
   154 ;; This function is called by:
   155 ;;		Startup code after reset
   156 ;; This function uses a non-reentrant model
   157 ;;
   158                           
   159                           	psect	text0
   160  005F22                     __ptext0:
   161                           	opt stack 0
   162  005F22                     _main:
   163                           	opt stack 30
   164                           
   165                           ;main.c: 25: setup();
   166                           
   167                           ;incstack = 0
   168  005F22  ECAB  F02F         	call	_setup	;wreg free
   169  005F26                     l31:
   170                           
   171                           ;main.c: 27: takeReading();
   172  005F26  ECCE  F02F         	call	_takeReading	;wreg free
   173  005F2A  D7FD               	goto	l31
   174  005F2C                     __end_of_main:
   175                           	opt stack 0
   176                           tblptru	equ	0xFF8
   177                           tblptrh	equ	0xFF7
   178                           tblptrl	equ	0xFF6
   179                           tablat	equ	0xFF5
   180                           postinc0	equ	0xFEE
   181                           wreg	equ	0xFE8
   182                           
   183 ;; *************** function _takeReading *****************
   184 ;; Defined at:
   185 ;;		line 51 in file "main.c"
   186 ;; Parameters:    Size  Location     Type
   187 ;;		None
   188 ;; Auto vars:     Size  Location     Type
   189 ;;  i               1    0[COMRAM] unsigned char 
   190 ;; Return value:  Size  Location     Type
   191 ;;                  1    wreg      void 
   192 ;; Registers used:
   193 ;;		wreg, fsr2l, fsr2h, status,2, status,0, prodl, prodh
   194 ;; Tracked objects:
   195 ;;		On entry : 0/0
   196 ;;		On exit  : 0/0
   197 ;;		Unchanged: 0/0
   198 ;; Data sizes:     COMRAM   BANK0   BANK1   BANK2   BANK3   BANK4   BANK5   BANK6   BANK7
   199 ;;      Params:         0       0       0       0       0       0       0       0       0
   200 ;;      Locals:         1       0       0       0       0       0       0       0       0
   201 ;;      Temps:          0       0       0       0       0       0       0       0       0
   202 ;;      Totals:         1       0       0       0       0       0       0       0       0
   203 ;;Total ram usage:        1 bytes
   204 ;; Hardware stack levels used:    1
   205 ;; This function calls:
   206 ;;		Nothing
   207 ;; This function is called by:
   208 ;;		_main
   209 ;; This function uses a non-reentrant model
   210 ;;
   211                           
   212                           	psect	text1
   213  005F9C                     __ptext1:
   214                           	opt stack 0
   215  005F9C                     _takeReading:
   216                           	opt stack 30
   217                           
   218                           ;main.c: 52: PORTCbits.RC1 = 1;
   219                           
   220                           ;incstack = 0
   221  005F9C  8282               	bsf	3970,1,c	;volatile
   222                           
   223                           ;main.c: 53: lastSampleTimestamp.lower=TMR0L;
   224  005F9E  CFD6 F021          	movff	4054,_lastSampleTimestamp	;volatile
   225                           
   226                           ;main.c: 54: lastSampleTimestamp.upper=TMR0H;
   227  005FA2  CFD7 F022          	movff	4055,_lastSampleTimestamp+1	;volatile
   228                           
   229                           ;main.c: 55: PORTCbits.RC0 = 1;
   230  005FA6  8082               	bsf	3970,0,c	;volatile
   231  005FA8  F000               	nop		;# 
   232  005FAA  F000               	nop		;# 
   233  005FAC  F000               	nop		;# 
   234  005FAE  F000               	nop		;# 
   235                           
   236                           ;main.c: 61: PORTCbits.RC1 = 0;
   237  005FB0  9282               	bcf	3970,1,c	;volatile
   238  005FB2  F000               	nop		;# 
   239                           
   240                           ;main.c: 69: sampleBuffer[15].rd = 0xff;
   241  005FB4  681F               	setf	_sampleBuffer+30,c
   242                           
   243                           ;main.c: 70: sampleBuffer[15].rb = 0xff;
   244  005FB6  6820               	setf	_sampleBuffer+31,c
   245                           
   246                           ;main.c: 73: unsigned char i=15;
   247  005FB8  0E0F               	movlw	15
   248  005FBA  6E27               	movwf	takeReading@i,c
   249  005FBC                     l676:
   250                           
   251                           ;main.c: 75: i--;
   252  005FBC  0627               	decf	takeReading@i,f,c
   253                           
   254                           ;main.c: 76: PORTCbits.RC0 = 0;
   255  005FBE  9082               	bcf	3970,0,c	;volatile
   256  005FC0  F000               	nop		;# 
   257                           
   258                           ;main.c: 81: PORTCbits.RC0 = 1;
   259  005FC2  8082               	bsf	3970,0,c	;volatile
   260                           
   261                           ;main.c: 82: sampleBuffer[i].rd = 0xff;
   262  005FC4  5027               	movf	takeReading@i,w,c
   263  005FC6  0D02               	mullw	2
   264  005FC8  0E01               	movlw	low _sampleBuffer
   265  005FCA  24F3               	addwf	prodl,w,c
   266  005FCC  6ED9               	movwf	fsr2l,c
   267  005FCE  0E00               	movlw	high _sampleBuffer
   268  005FD0  20F4               	addwfc	prodh,w,c
   269  005FD2  6EDA               	movwf	fsr2h,c
   270  005FD4  0EFF               	movlw	255
   271  005FD6  6EDF               	movwf	indf2,c
   272                           
   273                           ;main.c: 83: sampleBuffer[i].rb = 0xff;
   274  005FD8  5027               	movf	takeReading@i,w,c
   275  005FDA  0D02               	mullw	2
   276  005FDC  0E01               	movlw	1
   277  005FDE  26F3               	addwf	prodl,f,c
   278  005FE0  0E00               	movlw	0
   279  005FE2  22F4               	addwfc	prodh,f,c
   280  005FE4  0E01               	movlw	low _sampleBuffer
   281  005FE6  24F3               	addwf	prodl,w,c
   282  005FE8  6ED9               	movwf	fsr2l,c
   283  005FEA  0E00               	movlw	high _sampleBuffer
   284  005FEC  20F4               	addwfc	prodh,w,c
   285  005FEE  6EDA               	movwf	fsr2h,c
   286  005FF0  0EFF               	movlw	255
   287  005FF2  6EDF               	movwf	indf2,c
   288                           
   289                           ;main.c: 84: }while(i);
   290  005FF4  5027               	movf	takeReading@i,w,c
   291  005FF6  A4D8               	btfss	status,2,c
   292  005FF8  D7E1               	goto	l676
   293                           
   294                           ;main.c: 85: freshDataFlag=1;
   295  005FFA  0E01               	movlw	1
   296  005FFC  6E23               	movwf	_freshDataFlag,c
   297  005FFE  0012               	return		;funcret
   298  006000                     __end_of_takeReading:
   299                           	opt stack 0
   300                           tblptru	equ	0xFF8
   301                           tblptrh	equ	0xFF7
   302                           tblptrl	equ	0xFF6
   303                           tablat	equ	0xFF5
   304                           prodh	equ	0xFF4
   305                           prodl	equ	0xFF3
   306                           postinc0	equ	0xFEE
   307                           wreg	equ	0xFE8
   308                           indf2	equ	0xFDF
   309                           fsr2h	equ	0xFDA
   310                           fsr2l	equ	0xFD9
   311                           status	equ	0xFD8
   312                           
   313 ;; *************** function _setup *****************
   314 ;; Defined at:
   315 ;;		line 32 in file "main.c"
   316 ;; Parameters:    Size  Location     Type
   317 ;;		None
   318 ;; Auto vars:     Size  Location     Type
   319 ;;  i               1    0[COMRAM] unsigned char 
   320 ;; Return value:  Size  Location     Type
   321 ;;                  1    wreg      void 
   322 ;; Registers used:
   323 ;;		wreg, fsr2l, fsr2h, status,2, status,0, prodl, prodh
   324 ;; Tracked objects:
   325 ;;		On entry : 0/0
   326 ;;		On exit  : 0/0
   327 ;;		Unchanged: 0/0
   328 ;; Data sizes:     COMRAM   BANK0   BANK1   BANK2   BANK3   BANK4   BANK5   BANK6   BANK7
   329 ;;      Params:         0       0       0       0       0       0       0       0       0
   330 ;;      Locals:         1       0       0       0       0       0       0       0       0
   331 ;;      Temps:          0       0       0       0       0       0       0       0       0
   332 ;;      Totals:         1       0       0       0       0       0       0       0       0
   333 ;;Total ram usage:        1 bytes
   334 ;; Hardware stack levels used:    1
   335 ;; This function calls:
   336 ;;		Nothing
   337 ;; This function is called by:
   338 ;;		_main
   339 ;; This function uses a non-reentrant model
   340 ;;
   341                           
   342                           	psect	text2
   343  005F56                     __ptext2:
   344                           	opt stack 0
   345  005F56                     _setup:
   346                           	opt stack 30
   347                           
   348                           ;main.c: 33: ADCON0bits.ADON=0;
   349                           
   350                           ;incstack = 0
   351  005F56  90C2               	bcf	4034,0,c	;volatile
   352                           
   353                           ;main.c: 34: ADCON1=0b00001111;
   354  005F58  0E0F               	movlw	15
   355  005F5A  6EC1               	movwf	4033,c	;volatile
   356                           
   357                           ;main.c: 35: T0CONbits.TMR0ON =1;
   358  005F5C  8ED5               	bsf	4053,7,c	;volatile
   359                           
   360                           ;main.c: 36: T0CONbits.T08BIT=0;
   361  005F5E  9CD5               	bcf	4053,6,c	;volatile
   362                           
   363                           ;main.c: 37: T0CONbits.T0CS=0;
   364  005F60  9AD5               	bcf	4053,5,c	;volatile
   365                           
   366                           ;main.c: 38: T0CONbits.PSA=0;
   367  005F62  96D5               	bcf	4053,3,c	;volatile
   368                           
   369                           ;main.c: 39: T0CONbits.T0PS = 0b101;
   370  005F64  50D5               	movf	4053,w,c	;volatile
   371  005F66  0BF8               	andlw	-8
   372  005F68  0905               	iorlw	5
   373  005F6A  6ED5               	movwf	4053,c	;volatile
   374                           
   375                           ;main.c: 41: TRISCbits.TRISC0 = 0;
   376  005F6C  9094               	bcf	3988,0,c	;volatile
   377                           
   378                           ;main.c: 42: PORTCbits.RC0 = 1;
   379  005F6E  8082               	bsf	3970,0,c	;volatile
   380                           
   381                           ;main.c: 43: TRISCbits.TRISC1 = 0;
   382  005F70  9294               	bcf	3988,1,c	;volatile
   383                           
   384                           ;main.c: 44: PORTCbits.RC1 = 0;
   385  005F72  9282               	bcf	3970,1,c	;volatile
   386                           
   387                           ;main.c: 45: for(unsigned char i=0;i<16;i++){
   388  005F74  0E00               	movlw	0
   389  005F76  6E27               	movwf	setup@i,c
   390  005F78                     l662:
   391  005F78  0E0F               	movlw	15
   392  005F7A  6427               	cpfsgt	setup@i,c
   393  005F7C  D001               	goto	l666
   394  005F7E  0012               	return	
   395  005F80                     l666:
   396                           
   397                           ;main.c: 46: sampleBuffer[i].all = (unsigned int)0;
   398  005F80  5027               	movf	setup@i,w,c
   399  005F82  0D02               	mullw	2
   400  005F84  0E01               	movlw	low _sampleBuffer
   401  005F86  24F3               	addwf	prodl,w,c
   402  005F88  6ED9               	movwf	fsr2l,c
   403  005F8A  0E00               	movlw	high _sampleBuffer
   404  005F8C  20F4               	addwfc	prodh,w,c
   405  005F8E  6EDA               	movwf	fsr2h,c
   406  005F90  0E00               	movlw	0
   407  005F92  6EDE               	movwf	postinc2,c
   408  005F94  0E00               	movlw	0
   409  005F96  6EDD               	movwf	postdec2,c
   410  005F98  2A27               	incf	setup@i,f,c
   411  005F9A  D7EE               	goto	l662
   412  005F9C                     __end_of_setup:
   413                           	opt stack 0
   414  0000                     tblptru	equ	0xFF8
   415                           tblptrh	equ	0xFF7
   416                           tblptrl	equ	0xFF6
   417                           tablat	equ	0xFF5
   418                           prodh	equ	0xFF4
   419                           prodl	equ	0xFF3
   420                           postinc0	equ	0xFEE
   421                           wreg	equ	0xFE8
   422                           indf2	equ	0xFDF
   423                           postinc2	equ	0xFDE
   424                           postdec2	equ	0xFDD
   425                           fsr2h	equ	0xFDA
   426                           fsr2l	equ	0xFD9
   427                           status	equ	0xFD8
   428                           tblptru	equ	0xFF8
   429                           tblptrh	equ	0xFF7
   430                           tblptrl	equ	0xFF6
   431                           tablat	equ	0xFF5
   432                           prodh	equ	0xFF4
   433                           prodl	equ	0xFF3
   434                           postinc0	equ	0xFEE
   435                           wreg	equ	0xFE8
   436                           indf2	equ	0xFDF
   437                           postinc2	equ	0xFDE
   438                           postdec2	equ	0xFDD
   439                           fsr2h	equ	0xFDA
   440                           fsr2l	equ	0xFD9
   441                           status	equ	0xFD8
   442                           
   443                           	psect	rparam
   444  0000                     tblptru	equ	0xFF8
   445                           tblptrh	equ	0xFF7
   446                           tblptrl	equ	0xFF6
   447                           tablat	equ	0xFF5
   448                           prodh	equ	0xFF4
   449                           prodl	equ	0xFF3
   450                           postinc0	equ	0xFEE
   451                           wreg	equ	0xFE8
   452                           indf2	equ	0xFDF
   453                           postinc2	equ	0xFDE
   454                           postdec2	equ	0xFDD
   455                           fsr2h	equ	0xFDA
   456                           fsr2l	equ	0xFD9
   457                           status	equ	0xFD8


Data Sizes:
    Strings     0
    Constant    0
    Data        2
    BSS         36
    Persistent  0
    Stack       0

Auto Spaces:
    Space          Size  Autos    Used
    COMRAM           95      1      39
    BANK0           160      0       0
    BANK1           256      0       0
    BANK2           256      0       0
    BANK3           256      0       0
    BANK4           256      0       0
    BANK5           256      0       0
    BANK6           256      0       0
    BANK7           256      0       0

Pointer List with Targets:

    None.

Critical Paths under _main in COMRAM

    _main->_setup
    _main->_takeReading

Critical Paths under _main in BANK0

    None.

Critical Paths under _main in BANK1

    None.

Critical Paths under _main in BANK2

    None.

Critical Paths under _main in BANK3

    None.

Critical Paths under _main in BANK4

    None.

Critical Paths under _main in BANK5

    None.

Critical Paths under _main in BANK6

    None.

Critical Paths under _main in BANK7

    None.

Call Graph Tables:

 ---------------------------------------------------------------------------------
 (Depth) Function   	        Calls       Base Space   Used Autos Params    Refs
 ---------------------------------------------------------------------------------
 (0) _main                                                 0     0      0      90
                              _setup
                        _takeReading
 ---------------------------------------------------------------------------------
 (1) _takeReading                                          1     1      0      45
                                              0 COMRAM     1     1      0
 ---------------------------------------------------------------------------------
 (1) _setup                                                1     1      0      45
                                              0 COMRAM     1     1      0
 ---------------------------------------------------------------------------------
 Estimated maximum stack depth 1
 ---------------------------------------------------------------------------------

 Call Graph Graphs:

 _main (ROOT)
   _setup
   _takeReading

 Address spaces:
Name               Size   Autos  Total    Cost      Usage
BIGRAM             7FF      0       0      21        0.0%
EEDATA             100      0       0       0        0.0%
BITBANK7           100      0       0      18        0.0%
BANK7              100      0       0      19        0.0%
BITBANK6           100      0       0      16        0.0%
BANK6              100      0       0      17        0.0%
BITBANK5           100      0       0      14        0.0%
BANK5              100      0       0      15        0.0%
BITBANK4           100      0       0      12        0.0%
BANK4              100      0       0      13        0.0%
BITBANK3           100      0       0      10        0.0%
BANK3              100      0       0      11        0.0%
BITBANK2           100      0       0       8        0.0%
BANK2              100      0       0       9        0.0%
BITBANK1           100      0       0       6        0.0%
BANK1              100      0       0       7        0.0%
BITBANK0            A0      0       0       4        0.0%
BANK0               A0      0       0       5        0.0%
BITCOMRAM           5F      0       0       0        0.0%
COMRAM              5F      1      27       1       41.1%
BITSFR               0      0       0      40        0.0%
SFR                  0      0       0      40        0.0%
STACK                0      0       0       2        0.0%
NULL                 0      0       0       0        0.0%
ABS                  0      0      27      20        0.0%
DATA                 0      0      27       3        0.0%
CODE                 0      0       0       0        0.0%


Microchip Technology PIC18 Macro Assembler V1.38 build -256452561 
Symbol Table                                                                                   Sun Nov 06 15:13:43 2016

                     l31 5F26              __CFG_BOR$ON 000000              __CFG_BORV$0 000000  
           __CFG_CP0$OFF 000000             __CFG_CP1$OFF 000000             __CFG_CP2$OFF 000000  
            __CFG_LVP$ON 000000              __CFG_WDT$ON 000000                      l662 5F78  
                    l666 5F80                      l676 5FBC             __CFG_CPB$OFF 000000  
           __CFG_CPD$OFF 000000                      prod 000FF3                      wreg 000FE8  
           __CFG_FOSC$HS 000000             __CFG_WDTPS$1 000000                     _main 5F22  
                   _mode 0024                     indf2 000FDF                     fsr2l 000FD9  
                   prodh 000FF4                     prodl 000FF3                     start 0000  
          __CFG_IESO$OFF 000000            __CFG_MCLRE$ON 000000             ___param_bank 000010  
          __CFG_PLLDIV$6 000000           __CFG_CCP2MX$ON 000000                    ?_main 0027  
                  _TMR0H 000FD7                    _TMR0L 000FD6            __CFG_USBDIV$1 000000  
          __CFG_PWRT$OFF 000000            __CFG_WRT0$OFF 000000            __CFG_WRT1$OFF 000000  
          __CFG_WRT2$OFF 000000           __CFG_EBTR0$OFF 000000           __CFG_FCMEN$OFF 000000  
         __CFG_EBTR1$OFF 000000           __CFG_EBTR2$OFF 000000            __CFG_WRTB$OFF 000000  
          __CFG_WRTC$OFF 000000            __CFG_WRTD$OFF 000000           __CFG_EBTRB$OFF 000000  
                  _setup 5F56            _freshDataFlag 0023                    tablat 000FF5  
                  status 000FD8           __CFG_ICPRT$OFF 000000             ?_takeReading 0027  
        __initialization 5F2C             __end_of_main 5F2C                   ??_main 0028  
          __activetblptr 000000                   _ADCON1 000FC1                   ?_setup 0027  
         __CFG_VREGEN$ON 000000           __CFG_XINST$OFF 000000           __CFG_STVREN$ON 000000  
                 clear_0 5F4A             __pdataCOMRAM 0025                   tblptrh 000FF7  
                 tblptrl 000FF6                   tblptru 000FF8                   setup@i 0027  
    _lastSampleTimestamp 0021               __accesstop 0060  __end_of__initialization 5F50  
        __CFG_PBADEN$OFF 000000            ___rparam_used 000001           __pcstackCOMRAM 0027  
          __end_of_setup 5F9C                  ??_setup 0027     __size_of_takeReading 0064  
                __Hparam 0000                  __Lparam 0000                  __pcinit 5F2C  
                __ramtop 0800                  __ptext0 5F22                  __ptext1 5F9C  
                __ptext2 5F56                _T0CONbits 000FD5     end_of_initialization 5F50  
                postdec2 000FDD                  postinc0 000FEE                  postinc2 000FDE  
              _PORTCbits 000F82                _TRISCbits 000F94            __pidataCOMRAM 5F20  
    start_initialization 5F2C             takeReading@i 0027         __CFG_LPT1OSC$OFF 000000  
            __pbssCOMRAM 0001            ??_takeReading 0027           __size_of_setup 0046  
    __end_of_takeReading 6000               _ADCON0bits 000FC2             _sampleBuffer 0001  
               __Hrparam 0000                 __Lrparam 0000            __size_of_main 000A  
            _takeReading 5F9C    __CFG_CPUDIV$OSC1_PLL2 000000              _sampleDelay 0025  
